{"synthetic": false,
 "schemaVersion": "2025-09-10",
 "outputs":
 {"o": ["da6ad0aaeda33d34.olean"],
  "m": false,
  "i": "24d063ef79846f3b.ilean",
  "c": "630d7b1c0acdd2c9.c"},
 "log":
 [{"message":
   ".> LEAN_PATH=/home/martyall/code/l-adic/snarky/formal/.lake/packages/CompPoly/.lake/build/lib/lean:/home/martyall/code/l-adic/snarky/formal/.lake/packages/Cli/.lake/build/lib/lean:/home/martyall/code/l-adic/snarky/formal/.lake/packages/batteries/.lake/build/lib/lean:/home/martyall/code/l-adic/snarky/formal/.lake/packages/Qq/.lake/build/lib/lean:/home/martyall/code/l-adic/snarky/formal/.lake/packages/aesop/.lake/build/lib/lean:/home/martyall/code/l-adic/snarky/formal/.lake/packages/proofwidgets/.lake/build/lib/lean:/home/martyall/code/l-adic/snarky/formal/.lake/packages/importGraph/.lake/build/lib/lean:/home/martyall/code/l-adic/snarky/formal/.lake/packages/LeanSearchClient/.lake/build/lib/lean:/home/martyall/code/l-adic/snarky/formal/.lake/packages/plausible/.lake/build/lib/lean:/home/martyall/code/l-adic/snarky/formal/vendor/CompElliptic/.lake/build/lib/lean:/home/martyall/code/l-adic/snarky/formal/vendor/ironwood/.lake/build/lib/lean:/home/martyall/code/l-adic/snarky/formal/pasta/.lake/build/lib/lean:/home/martyall/code/l-adic/snarky/formal/.lake/packages/mathlib/.lake/build/lib/lean:/home/martyall/code/l-adic/snarky/formal/.lake/build/lib/lean /home/martyall/.elan/toolchains/leanprover--lean4---v4.30.0/bin/lean /home/martyall/code/l-adic/snarky/formal/pasta/Pasta.lean -o /home/martyall/code/l-adic/snarky/formal/pasta/.lake/build/lib/lean/Pasta.olean -i /home/martyall/code/l-adic/snarky/formal/pasta/.lake/build/lib/lean/Pasta.ilean -c /home/martyall/code/l-adic/snarky/formal/pasta/.lake/build/ir/Pasta.c --setup /home/martyall/code/l-adic/snarky/formal/pasta/.lake/build/ir/Pasta.setup.json --json",
   "level": "trace"}],
 "inputs":
 [["Pasta:deps",
   [["deps",
     [["pasta/Pasta:extraDep", [["@pasta:extraDep", "00000000000006bb"]]],
      ["imports",
       [["Pasta.Curve transitive imports (legacy)", "5114a269a5c803c9"],
        ["Pasta.Curve:importAllArts", "cc1369e77b4092ab"],
        ["Pasta.Constants transitive imports (legacy)", "e9ece11187f32034"],
        ["Pasta.Constants:importAllArts", "57e8d5d7b9a62688"],
        ["Pasta.Basic transitive imports (legacy)", "0045066b2364b7ee"],
        ["Pasta.Basic:importAllArts", "d27ba9b0ae567c80"],
        ["Pasta.Module transitive imports (legacy)", "ca83b165abbddf6f"],
        ["Pasta.Module:importAllArts", "32f15f2855bc3c2e"]]]]],
    ["libs",
     [["import dynlibs", "00000000000006bb"],
      ["package external libraries", "00000000000006bb"],
      ["module dynlibs", "00000000000006bb"],
      ["module plugins", "00000000000006bb"]]]]],
  ["Lean 4.30.0, commit d024af099ca4bf2c86f649261ebf59565dc8c622",
   "2f4703bb19086252"],
  ["/home/martyall/code/l-adic/snarky/formal/pasta/Pasta.lean",
   "7af9afe885109bbc"],
  ["options", "00000000000006bb"],
  ["isModule: false", "feefd2a0d3a1847e"],
  ["Module.name: Pasta", "3971b3fd836b588a"],
  ["Package.id?: (some pasta)", "ea451a66b3d3c473"],
  ["Module.leanArgs: #[]", "00000000000006bb"]],
 "depHash": "8081f6eecada906c"}