{"synthetic": false,
 "schemaVersion": "2025-09-10",
 "outputs":
 {"o": ["a8fd84147512043c.olean"],
  "m": false,
  "i": "a7e5a947dc59dfbb.ilean",
  "c": "04d3cf3b432dccc0.c"},
 "log":
 [{"message":
   ".> LEAN_PATH=/home/martyall/code/l-adic/snarky/formal/.lake/packages/CompPoly/.lake/build/lib/lean:/home/martyall/code/l-adic/snarky/formal/.lake/packages/Cli/.lake/build/lib/lean:/home/martyall/code/l-adic/snarky/formal/.lake/packages/batteries/.lake/build/lib/lean:/home/martyall/code/l-adic/snarky/formal/.lake/packages/Qq/.lake/build/lib/lean:/home/martyall/code/l-adic/snarky/formal/.lake/packages/aesop/.lake/build/lib/lean:/home/martyall/code/l-adic/snarky/formal/.lake/packages/proofwidgets/.lake/build/lib/lean:/home/martyall/code/l-adic/snarky/formal/.lake/packages/importGraph/.lake/build/lib/lean:/home/martyall/code/l-adic/snarky/formal/.lake/packages/LeanSearchClient/.lake/build/lib/lean:/home/martyall/code/l-adic/snarky/formal/.lake/packages/plausible/.lake/build/lib/lean:/home/martyall/code/l-adic/snarky/formal/vendor/CompElliptic/.lake/build/lib/lean:/home/martyall/code/l-adic/snarky/formal/vendor/ironwood/.lake/build/lib/lean:/home/martyall/code/l-adic/snarky/formal/pasta/.lake/build/lib/lean:/home/martyall/code/l-adic/snarky/formal/.lake/packages/mathlib/.lake/build/lib/lean:/home/martyall/code/l-adic/snarky/formal/.lake/build/lib/lean /home/martyall/.elan/toolchains/leanprover--lean4---v4.30.0/bin/lean /home/martyall/code/l-adic/snarky/formal/pasta/Pasta/Basic.lean -o /home/martyall/code/l-adic/snarky/formal/pasta/.lake/build/lib/lean/Pasta/Basic.olean -i /home/martyall/code/l-adic/snarky/formal/pasta/.lake/build/lib/lean/Pasta/Basic.ilean -c /home/martyall/code/l-adic/snarky/formal/pasta/.lake/build/ir/Pasta/Basic.c --setup /home/martyall/code/l-adic/snarky/formal/pasta/.lake/build/ir/Pasta/Basic.setup.json --json",
   "level": "trace"}],
 "inputs":
 [["Pasta.Basic:deps",
   [["deps",
     [["pasta/Pasta:extraDep", [["@pasta:extraDep", "00000000000006bb"]]],
      ["imports",
       [["Pasta.Curve transitive imports (legacy)", "5114a269a5c803c9"],
        ["Pasta.Curve:importAllArts", "cc1369e77b4092ab"],
        ["Pasta.Constants transitive imports (legacy)", "e9ece11187f32034"],
        ["Pasta.Constants:importAllArts", "57e8d5d7b9a62688"],
        ["CompElliptic.Curves.Pasta transitive imports (legacy)",
         "4ef2e23a3d63745b"],
        ["CompElliptic.Curves.Pasta:importAllArts", "ff6328cbc158509e"],
        ["CompElliptic.Curves.PastaOrder transitive imports (legacy)",
         "5e646540f72022fe"],
        ["CompElliptic.Curves.PastaOrder:importAllArts", "9422a2a9c1cc7b23"],
        ["CompElliptic.Fields.Pasta transitive imports (legacy)",
         "092ecc4177a82fd2"],
        ["CompElliptic.Fields.Pasta:importAllArts", "c8dfb0e24b1c3480"]]]]],
    ["libs",
     [["import dynlibs", "00000000000006bb"],
      ["package external libraries", "00000000000006bb"],
      ["module dynlibs", "00000000000006bb"],
      ["module plugins", "00000000000006bb"]]]]],
  ["Lean 4.30.0, commit d024af099ca4bf2c86f649261ebf59565dc8c622",
   "2f4703bb19086252"],
  ["/home/martyall/code/l-adic/snarky/formal/pasta/Pasta/Basic.lean",
   "f5efeca37fa1535a"],
  ["options", "00000000000006bb"],
  ["isModule: false", "feefd2a0d3a1847e"],
  ["Module.name: Pasta.Basic", "9134850c9cda0978"],
  ["Package.id?: (some pasta)", "ea451a66b3d3c473"],
  ["Module.leanArgs: #[]", "00000000000006bb"]],
 "depHash": "cea98596f81a5fc8"}