{"synthetic": false,
 "schemaVersion": "2025-09-10",
 "outputs":
 {"o": ["a5f0e1a5f8196274.olean"],
  "m": false,
  "i": "635f9254d82e92fe.ilean",
  "c": "ebec5787234fb88b.c"},
 "log":
 [{"message":
   ".> LEAN_PATH=/home/martyall/code/l-adic/snarky/formal/.lake/packages/CompPoly/.lake/build/lib/lean:/home/martyall/code/l-adic/snarky/formal/.lake/packages/Cli/.lake/build/lib/lean:/home/martyall/code/l-adic/snarky/formal/.lake/packages/batteries/.lake/build/lib/lean:/home/martyall/code/l-adic/snarky/formal/.lake/packages/Qq/.lake/build/lib/lean:/home/martyall/code/l-adic/snarky/formal/.lake/packages/aesop/.lake/build/lib/lean:/home/martyall/code/l-adic/snarky/formal/.lake/packages/proofwidgets/.lake/build/lib/lean:/home/martyall/code/l-adic/snarky/formal/.lake/packages/importGraph/.lake/build/lib/lean:/home/martyall/code/l-adic/snarky/formal/.lake/packages/LeanSearchClient/.lake/build/lib/lean:/home/martyall/code/l-adic/snarky/formal/.lake/packages/plausible/.lake/build/lib/lean:/home/martyall/code/l-adic/snarky/formal/vendor/CompElliptic/.lake/build/lib/lean:/home/martyall/code/l-adic/snarky/formal/vendor/ironwood/.lake/build/lib/lean:/home/martyall/code/l-adic/snarky/formal/pasta/.lake/build/lib/lean:/home/martyall/code/l-adic/snarky/formal/.lake/packages/mathlib/.lake/build/lib/lean:/home/martyall/code/l-adic/snarky/formal/.lake/build/lib/lean /home/martyall/.elan/toolchains/leanprover--lean4---v4.30.0/bin/lean /home/martyall/code/l-adic/snarky/formal/pasta/Pasta/Constants.lean -o /home/martyall/code/l-adic/snarky/formal/pasta/.lake/build/lib/lean/Pasta/Constants.olean -i /home/martyall/code/l-adic/snarky/formal/pasta/.lake/build/lib/lean/Pasta/Constants.ilean -c /home/martyall/code/l-adic/snarky/formal/pasta/.lake/build/ir/Pasta/Constants.c --setup /home/martyall/code/l-adic/snarky/formal/pasta/.lake/build/ir/Pasta/Constants.setup.json --json",
   "level": "trace"}],
 "inputs":
 [["Pasta.Constants:deps",
   [["deps",
     [["pasta/Pasta:extraDep", [["@pasta:extraDep", "00000000000006bb"]]],
      ["imports",
       [["Mathlib.Data.Int.Notation transitive imports (legacy)",
         "b264e4e53299ab02"],
        ["Mathlib.Data.Int.Notation:importAllArts", "3578f5afe77082e6"],
        ["CompElliptic.Fields.Pasta transitive imports (legacy)",
         "092ecc4177a82fd2"],
        ["CompElliptic.Fields.Pasta:importAllArts", "c8dfb0e24b1c3480"]]]]],
    ["libs",
     [["import dynlibs", "00000000000006bb"],
      ["package external libraries", "00000000000006bb"],
      ["module dynlibs", "00000000000006bb"],
      ["module plugins", "00000000000006bb"]]]]],
  ["Lean 4.30.0, commit d024af099ca4bf2c86f649261ebf59565dc8c622",
   "2f4703bb19086252"],
  ["/home/martyall/code/l-adic/snarky/formal/pasta/Pasta/Constants.lean",
   "d17ad0744738d4e0"],
  ["options", "00000000000006bb"],
  ["isModule: false", "feefd2a0d3a1847e"],
  ["Module.name: Pasta.Constants", "6bb992994b6a1e3a"],
  ["Package.id?: (some pasta)", "ea451a66b3d3c473"],
  ["Module.leanArgs: #[]", "00000000000006bb"]],
 "depHash": "67162b4be50019db"}