{"synthetic": false,
 "schemaVersion": "2025-09-10",
 "outputs":
 {"o": ["f0e29956dd56e788.olean"],
  "m": false,
  "i": "a38a283897957da9.ilean",
  "c": "e8a970673622ad8d.c"},
 "log":
 [{"message":
   ".> LEAN_PATH=/home/martyall/code/l-adic/snarky/formal/.lake/packages/CompPoly/.lake/build/lib/lean:/home/martyall/code/l-adic/snarky/formal/.lake/packages/Cli/.lake/build/lib/lean:/home/martyall/code/l-adic/snarky/formal/.lake/packages/batteries/.lake/build/lib/lean:/home/martyall/code/l-adic/snarky/formal/.lake/packages/Qq/.lake/build/lib/lean:/home/martyall/code/l-adic/snarky/formal/.lake/packages/aesop/.lake/build/lib/lean:/home/martyall/code/l-adic/snarky/formal/.lake/packages/proofwidgets/.lake/build/lib/lean:/home/martyall/code/l-adic/snarky/formal/.lake/packages/importGraph/.lake/build/lib/lean:/home/martyall/code/l-adic/snarky/formal/.lake/packages/LeanSearchClient/.lake/build/lib/lean:/home/martyall/code/l-adic/snarky/formal/.lake/packages/plausible/.lake/build/lib/lean:/home/martyall/code/l-adic/snarky/formal/vendor/CompElliptic/.lake/build/lib/lean:/home/martyall/code/l-adic/snarky/formal/vendor/ironwood/.lake/build/lib/lean:/home/martyall/code/l-adic/snarky/formal/pasta/.lake/build/lib/lean:/home/martyall/code/l-adic/snarky/formal/.lake/packages/mathlib/.lake/build/lib/lean:/home/martyall/code/l-adic/snarky/formal/.lake/build/lib/lean /home/martyall/.elan/toolchains/leanprover--lean4---v4.30.0/bin/lean /home/martyall/code/l-adic/snarky/formal/pasta/Pasta/Curve.lean -o /home/martyall/code/l-adic/snarky/formal/pasta/.lake/build/lib/lean/Pasta/Curve.olean -i /home/martyall/code/l-adic/snarky/formal/pasta/.lake/build/lib/lean/Pasta/Curve.ilean -c /home/martyall/code/l-adic/snarky/formal/pasta/.lake/build/ir/Pasta/Curve.c --setup /home/martyall/code/l-adic/snarky/formal/pasta/.lake/build/ir/Pasta/Curve.setup.json --json",
   "level": "trace"},
  {"message":
   "Pasta/Curve.lean:50:0: automatically included section variable(s) unused in theorem `WeierstrassCurve.Affine.order_prime`:\n  [DecidableEq F]\nconsider restructuring your `variable` declarations so that the variables are not in scope or explicitly omit them:\n  omit [DecidableEq F] in theorem ...\n\nNote: This linter can be disabled with `set_option linter.unusedSectionVars false`",
   "level": "warning"},
  {"message":
   "Pasta/Curve.lean:56:0: automatically included section variable(s) unused in theorem `WeierstrassCurve.Affine.short`:\n  [DecidableEq F]\nconsider restructuring your `variable` declarations so that the variables are not in scope or explicitly omit them:\n  omit [DecidableEq F] in theorem ...\n\nNote: This linter can be disabled with `set_option linter.unusedSectionVars false`",
   "level": "warning"}],
 "inputs":
 [["Pasta.Curve:deps",
   [["deps",
     [["pasta/Pasta:extraDep", [["@pasta:extraDep", "00000000000006bb"]]],
      ["imports",
       [["Mathlib transitive imports (legacy)", "31ec4aeab7cd8b5f"],
        ["Mathlib:importAllArts", "3a06bffc2eac39df"],
        ["CompElliptic.CurveForms.ShortWeierstrass transitive imports (legacy)",
         "a1b744fbbc656ea8"],
        ["CompElliptic.CurveForms.ShortWeierstrass:importAllArts",
         "2535a7d15aee34c3"]]]]],
    ["libs",
     [["import dynlibs", "00000000000006bb"],
      ["package external libraries", "00000000000006bb"],
      ["module dynlibs", "00000000000006bb"],
      ["module plugins", "00000000000006bb"]]]]],
  ["Lean 4.30.0, commit d024af099ca4bf2c86f649261ebf59565dc8c622",
   "2f4703bb19086252"],
  ["/home/martyall/code/l-adic/snarky/formal/pasta/Pasta/Curve.lean",
   "86e897fc47357216"],
  ["options", "00000000000006bb"],
  ["isModule: false", "feefd2a0d3a1847e"],
  ["Module.name: Pasta.Curve", "f6466512f9947112"],
  ["Package.id?: (some pasta)", "ea451a66b3d3c473"],
  ["Module.leanArgs: #[]", "00000000000006bb"]],
 "depHash": "d658d9df70e67811"}