{"synthetic": false,
 "schemaVersion": "2025-09-10",
 "outputs":
 {"o": ["63b41f212e86033f.olean"],
  "m": false,
  "i": "66dc24132eb9211b.ilean",
  "c": "d4749c7861422f1e.c"},
 "log":
 [{"message":
   ".> LEAN_PATH=/home/martyall/code/l-adic/snarky/formal/.lake/packages/CompPoly/.lake/build/lib/lean:/home/martyall/code/l-adic/snarky/formal/.lake/packages/Cli/.lake/build/lib/lean:/home/martyall/code/l-adic/snarky/formal/.lake/packages/batteries/.lake/build/lib/lean:/home/martyall/code/l-adic/snarky/formal/.lake/packages/Qq/.lake/build/lib/lean:/home/martyall/code/l-adic/snarky/formal/.lake/packages/aesop/.lake/build/lib/lean:/home/martyall/code/l-adic/snarky/formal/.lake/packages/proofwidgets/.lake/build/lib/lean:/home/martyall/code/l-adic/snarky/formal/.lake/packages/importGraph/.lake/build/lib/lean:/home/martyall/code/l-adic/snarky/formal/.lake/packages/LeanSearchClient/.lake/build/lib/lean:/home/martyall/code/l-adic/snarky/formal/.lake/packages/plausible/.lake/build/lib/lean:/home/martyall/code/l-adic/snarky/formal/vendor/CompElliptic/.lake/build/lib/lean:/home/martyall/code/l-adic/snarky/formal/vendor/ironwood/.lake/build/lib/lean:/home/martyall/code/l-adic/snarky/formal/pasta/.lake/build/lib/lean:/home/martyall/code/l-adic/snarky/formal/.lake/packages/mathlib/.lake/build/lib/lean:/home/martyall/code/l-adic/snarky/formal/.lake/build/lib/lean /home/martyall/.elan/toolchains/leanprover--lean4---v4.30.0/bin/lean /home/martyall/code/l-adic/snarky/formal/pasta/Pasta/Module.lean -o /home/martyall/code/l-adic/snarky/formal/pasta/.lake/build/lib/lean/Pasta/Module.olean -i /home/martyall/code/l-adic/snarky/formal/pasta/.lake/build/lib/lean/Pasta/Module.ilean -c /home/martyall/code/l-adic/snarky/formal/pasta/.lake/build/ir/Pasta/Module.c --setup /home/martyall/code/l-adic/snarky/formal/pasta/.lake/build/ir/Pasta/Module.setup.json --json",
   "level": "trace"}],
 "inputs":
 [["Pasta.Module:deps",
   [["deps",
     [["pasta/Pasta:extraDep", [["@pasta:extraDep", "00000000000006bb"]]],
      ["imports",
       [["Pasta.Basic transitive imports (legacy)", "0045066b2364b7ee"],
        ["Pasta.Basic:importAllArts", "d27ba9b0ae567c80"]]]]],
    ["libs",
     [["import dynlibs", "00000000000006bb"],
      ["package external libraries", "00000000000006bb"],
      ["module dynlibs", "00000000000006bb"],
      ["module plugins", "00000000000006bb"]]]]],
  ["Lean 4.30.0, commit d024af099ca4bf2c86f649261ebf59565dc8c622",
   "2f4703bb19086252"],
  ["/home/martyall/code/l-adic/snarky/formal/pasta/Pasta/Module.lean",
   "f838902d935583e3"],
  ["options", "00000000000006bb"],
  ["isModule: false", "feefd2a0d3a1847e"],
  ["Module.name: Pasta.Module", "81ce906f67630d62"],
  ["Package.id?: (some pasta)", "ea451a66b3d3c473"],
  ["Module.leanArgs: #[]", "00000000000006bb"]],
 "depHash": "69a66577916dd775"}